<?xml version="1.0" encoding="UTF-8"?>
<testng-results ignored="0" total="1" passed="1" failed="0" skipped="0">
  <reporter-output>
  </reporter-output>
  <suite started-at="2025-04-21T13:54:38 IST" name="Suite" finished-at="2025-04-21T13:54:47 IST" duration-ms="8429">
    <groups>
      <group name="sanity">
        <method signature="TC007_AddToWishlistTest.add_To_Wishlist()[pri:0, instance:testCases.TC007_AddToWishlistTest@21a21c64]" name="add_To_Wishlist" class="testCases.TC007_AddToWishlistTest"/>
      </group> <!-- sanity -->
      <group name="master">
        <method signature="TC007_AddToWishlistTest.add_To_Wishlist()[pri:0, instance:testCases.TC007_AddToWishlistTest@21a21c64]" name="add_To_Wishlist" class="testCases.TC007_AddToWishlistTest"/>
      </group> <!-- master -->
    </groups>
    <test started-at="2025-04-21T13:54:38 IST" name="Test" finished-at="2025-04-21T13:54:47 IST" duration-ms="8429">
      <class name="testCases.TC007_AddToWishlistTest">
        <test-method is-config="true" signature="setUp(java.lang.String,java.lang.String)[pri:0, instance:testCases.TC007_AddToWishlistTest@21a21c64]" started-at="2025-04-21T13:54:39 IST" name="setUp" finished-at="2025-04-21T13:54:43 IST" duration-ms="4100" status="PASS">
          <params>
            <param index="0">
              <value>
                <![CDATA[Windows]]>
              </value>
            </param>
            <param index="1">
              <value>
                <![CDATA[chrome]]>
              </value>
            </param>
          </params>
          <reporter-output>
          </reporter-output>
        </test-method> <!-- setUp -->
        <test-method signature="add_To_Wishlist()[pri:0, instance:testCases.TC007_AddToWishlistTest@21a21c64]" started-at="2025-04-21T13:54:43 IST" name="add_To_Wishlist" finished-at="2025-04-21T13:54:46 IST" duration-ms="3507" status="PASS">
          <reporter-output>
          </reporter-output>
        </test-method> <!-- add_To_Wishlist -->
        <test-method is-config="true" signature="tearDown()[pri:0, instance:testCases.TC007_AddToWishlistTest@21a21c64]" started-at="2025-04-21T13:54:46 IST" name="tearDown" finished-at="2025-04-21T13:54:47 IST" duration-ms="363" status="PASS">
          <reporter-output>
          </reporter-output>
        </test-method> <!-- tearDown -->
      </class> <!-- testCases.TC007_AddToWishlistTest -->
    </test> <!-- Test -->
  </suite> <!-- Suite -->
</testng-results>
